<?xml version="1.0" encoding="UTF-8"?>
<!-- Generated by org.testng.reporters.JUnitReportReporter -->
<testsuite hostname="DESKTOP-Q420O00" failures="0" tests="5" name="com.salesforce.Test.SalesforceLogin" time="47.359" errors="0" timestamp="2024-02-20T11:48:20 GMT-05:00" skipped="0">
  <testcase classname="com.salesforce.Test.SalesforceLogin" name="testcase2" time="14.894"/>
  <system-out/>
  <testcase classname="com.salesforce.Test.SalesforceLogin" name="testcase1" time="6.649"/>
  <system-out/>
  <testcase classname="com.salesforce.Test.SalesforceLogin" name="testcase4A" time="3.809"/>
  <system-out/>
  <testcase classname="com.salesforce.Test.SalesforceLogin" name="testcase4B" time="2.109"/>
  <system-out/>
  <testcase classname="com.salesforce.Test.SalesforceLogin" name="testcase3" time="19.898"/>
  <system-out/>
</testsuite> <!-- com.salesforce.Test.SalesforceLogin -->
