<?xml version="1.0" encoding="UTF-8"?>
<!-- Generated by org.testng.reporters.JUnitReportReporter -->
<testsuite hostname="DESKTOP-Q420O00" failures="0" tests="5" name="com.salesforce.Test.SalesforceCreateOpportunity" time="72.553" errors="0" timestamp="2024-02-20T11:48:20 GMT-05:00" skipped="0">
  <testcase classname="com.salesforce.Test.SalesforceCreateOpportunity" name="testcase18" time="13.141"/>
  <system-out/>
  <testcase classname="com.salesforce.Test.SalesforceCreateOpportunity" name="testcase16" time="19.492"/>
  <system-out/>
  <testcase classname="com.salesforce.Test.SalesforceCreateOpportunity" name="testcase15" time="12.896"/>
  <system-out/>
  <testcase classname="com.salesforce.Test.SalesforceCreateOpportunity" name="testcase17" time="15.249"/>
  <system-out/>
  <testcase classname="com.salesforce.Test.SalesforceCreateOpportunity" name="testcase19" time="11.775"/>
  <system-out/>
</testsuite> <!-- com.salesforce.Test.SalesforceCreateOpportunity -->
